This is pdfTeX, Version 3.14159265-2.6-1.40.16 (TeX Live 2015) (preloaded format=pdflatex 2015.5.24)  27 JUN 2016 19:17
entering extended mode
 restricted \write18 enabled.
 file:line:error style messages enabled.
 %&-line parsing enabled.
**CasillasFrank-Anticip-SuppMaterials.tex
(./CasillasFrank-Anticip-SuppMaterials.tex
LaTeX2e <2015/01/01>
Babel <3.9l> and hyphenation patterns for 79 languages loaded.
(./elsarticle.cls
Document Class: elsarticle 2009/09/17, 1.20b: Elsevier Ltd
\@bls=\dimen102
(/usr/local/texlive/2015/texmf-dist/tex/latex/base/article.cls
Document Class: article 2014/09/29 v1.4h Standard LaTeX document class
(/usr/local/texlive/2015/texmf-dist/tex/latex/base/size12.clo
File: size12.clo 2014/09/29 v1.4h Standard LaTeX file (size option)
)
\c@part=\count79
\c@section=\count80
\c@subsection=\count81
\c@subsubsection=\count82
\c@paragraph=\count83
\c@subparagraph=\count84
\c@figure=\count85
\c@table=\count86
\abovecaptionskip=\skip41
\belowcaptionskip=\skip42
\bibindent=\dimen103
)
(/usr/local/texlive/2015/texmf-dist/tex/latex/graphics/graphicx.sty
Package: graphicx 2014/10/28 v1.0g Enhanced LaTeX Graphics (DPC,SPQR)

(/usr/local/texlive/2015/texmf-dist/tex/latex/graphics/keyval.sty
Package: keyval 2014/10/28 v1.15 key=value parser (DPC)
\KV@toks@=\toks14
)
(/usr/local/texlive/2015/texmf-dist/tex/latex/graphics/graphics.sty
Package: graphics 2014/10/28 v1.0p Standard LaTeX Graphics (DPC,SPQR)

(/usr/local/texlive/2015/texmf-dist/tex/latex/graphics/trig.sty
Package: trig 1999/03/16 v1.09 sin cos tan (DPC)
)
(/usr/local/texlive/2015/texmf-dist/tex/latex/latexconfig/graphics.cfg
File: graphics.cfg 2010/04/23 v1.9 graphics configuration of TeX Live
)
Package graphics Info: Driver file: pdftex.def on input line 94.

(/usr/local/texlive/2015/texmf-dist/tex/latex/pdftex-def/pdftex.def
File: pdftex.def 2011/05/27 v0.06d Graphics/color for pdfTeX

(/usr/local/texlive/2015/texmf-dist/tex/generic/oberdiek/infwarerr.sty
Package: infwarerr 2010/04/08 v1.3 Providing info/warning/error messages (HO)
)
(/usr/local/texlive/2015/texmf-dist/tex/generic/oberdiek/ltxcmds.sty
Package: ltxcmds 2011/11/09 v1.22 LaTeX kernel commands for general use (HO)
)
\Gread@gobject=\count87
))
\Gin@req@height=\dimen104
\Gin@req@width=\dimen105
)
(/usr/local/texlive/2015/texmf-dist/tex/latex/psnfss/pifont.sty
Package: pifont 2005/04/12 PSNFSS-v9.2a Pi font support (SPQR) 
LaTeX Font Info:    Try loading font information for U+pzd on input line 63.

(/usr/local/texlive/2015/texmf-dist/tex/latex/psnfss/upzd.fd
File: upzd.fd 2001/06/04 font definitions for U/pzd.
)
LaTeX Font Info:    Try loading font information for U+psy on input line 64.

(/usr/local/texlive/2015/texmf-dist/tex/latex/psnfss/upsy.fd
File: upsy.fd 2001/06/04 font definitions for U/psy.
))
\c@tnote=\count88
\c@fnote=\count89
\c@cnote=\count90
\c@ead=\count91
\c@author=\count92
\@eadauthor=\toks15
\c@affn=\count93
\absbox=\box26
\keybox=\box27
\Columnwidth=\dimen106
\space@left=\dimen107
\els@boxa=\box28
\els@boxb=\box29
\leftMargin=\dimen108
\@enLab=\toks16
\@sep=\skip43
\@@sep=\skip44

(./CasillasFrank-Anticip-SuppMaterials.spl)
(/usr/local/texlive/2015/texmf-dist/tex/latex/natbib/natbib.sty
Package: natbib 2010/09/13 8.31b (PWD, AO)
\bibhang=\skip45
\bibsep=\skip46
LaTeX Info: Redefining \cite on input line 694.
\c@NAT@ctr=\count94
)
\splwrite=\write3
\openout3 = `CasillasFrank-Anticip-SuppMaterials.spl'.

\appnamewidth=\dimen109
)
(/usr/local/texlive/2015/texmf-dist/tex/latex/lineno/lineno.sty
Package: lineno 2005/11/02 line numbers on paragraphs v4.41
\linenopenalty=\count95
\output=\toks17
\linenoprevgraf=\count96
\linenumbersep=\dimen110
\linenumberwidth=\dimen111
\c@linenumber=\count97
\c@pagewiselinenumber=\count98
\c@LN@truepage=\count99
\c@internallinenumber=\count100
\c@internallinenumbers=\count101
\quotelinenumbersep=\dimen112
\bframerule=\dimen113
\bframesep=\dimen114
\bframebox=\box30
LaTeX Info: Redefining \\ on input line 3056.
)
(/usr/local/texlive/2015/texmf-dist/tex/latex/amsfonts/amssymb.sty
Package: amssymb 2013/01/14 v3.01 AMS font symbols

(/usr/local/texlive/2015/texmf-dist/tex/latex/amsfonts/amsfonts.sty
Package: amsfonts 2013/01/14 v3.01 Basic AMSFonts support
\@emptytoks=\toks18
\symAMSa=\mathgroup4
\symAMSb=\mathgroup5
LaTeX Font Info:    Overwriting math alphabet `\mathfrak' in version `bold'
(Font)                  U/euf/m/n --> U/euf/b/n on input line 106.
))
(/usr/local/texlive/2015/texmf-dist/tex/latex/wrapfig/wrapfig.sty
\wrapoverhang=\dimen115
\WF@size=\dimen116
\c@WF@wrappedlines=\count102
\WF@box=\box31
\WF@everypar=\toks19
Package: wrapfig 2003/01/31  v 3.6
)
(/usr/local/texlive/2015/texmf-dist/tex/latex/subfig/subfig.sty
Package: subfig 2005/06/28 ver: 1.3 subfig package

(/usr/local/texlive/2015/texmf-dist/tex/latex/caption/caption.sty
Package: caption 2013/05/02 v3.3-89 Customizing captions (AR)

(/usr/local/texlive/2015/texmf-dist/tex/latex/caption/caption3.sty
Package: caption3 2013/05/02 v1.6-88 caption3 kernel (AR)
Package caption3 Info: TeX engine: e-TeX on input line 57.
\captionmargin=\dimen117
\captionmargin@=\dimen118
\captionwidth=\dimen119
\caption@tempdima=\dimen120
\caption@indent=\dimen121
\caption@parindent=\dimen122
\caption@hangindent=\dimen123
)
\c@ContinuedFloat=\count103
Package caption Info: wrapfig package is loaded.
)
\c@KVtest=\count104
\sf@farskip=\skip47
\sf@captopadj=\dimen124
\sf@capskip=\skip48
\sf@nearskip=\skip49
\c@subfigure=\count105
\c@subfigure@save=\count106
\c@lofdepth=\count107
\c@subtable=\count108
\c@subtable@save=\count109
\c@lotdepth=\count110
\sf@top=\skip50
\sf@bottom=\skip51
)
(/usr/local/texlive/2015/texmf-dist/tex/latex/tipa/tipa.sty
Package: tipa 2002/08/08 TIPA version 1.1

(/usr/local/texlive/2015/texmf-dist/tex/latex/base/fontenc.sty
Package: fontenc 2005/09/27 v1.99g Standard LaTeX package

(/usr/local/texlive/2015/texmf-dist/tex/latex/tipa/t3enc.def
File: t3enc.def 2001/12/31 T3 encoding
)
(/usr/local/texlive/2015/texmf-dist/tex/latex/base/ot1enc.def
File: ot1enc.def 2005/09/27 v1.99g Standard LaTeX file
LaTeX Font Info:    Redeclaring font encoding OT1 on input line 48.
)))
(/usr/local/texlive/2015/texmf-dist/tex/latex/float/float.sty
Package: float 2001/11/08 v1.3d Float enhancements (AL)
\c@float@type=\count111
\float@exts=\toks20
\float@box=\box32
\@float@everytoks=\toks21
\@floatcapt=\box33
)
(/usr/local/texlive/2015/texmf-dist/tex/latex/tools/longtable.sty
Package: longtable 2014/10/28 v4.11 Multi-page Table package (DPC)
\LTleft=\skip52
\LTright=\skip53
\LTpre=\skip54
\LTpost=\skip55
\LTchunksize=\count112
\LTcapwidth=\dimen125
\LT@head=\box34
\LT@firsthead=\box35
\LT@foot=\box36
\LT@lastfoot=\box37
\LT@cols=\count113
\LT@rows=\count114
\c@LT@tables=\count115
\c@LT@chunks=\count116
\LT@p@ftn=\toks22
)
(/usr/local/texlive/2015/texmf-dist/tex/latex/placeins/placeins.sty
Package: placeins 2005/04/18  v 2.2
)
(/usr/local/texlive/2015/texmf-dist/tex/latex/rotating/rotating.sty
Package: rotating 2009/03/28 v2.16a rotated objects in LaTeX

(/usr/local/texlive/2015/texmf-dist/tex/latex/base/ifthen.sty
Package: ifthen 2014/09/29 v1.1c Standard LaTeX ifthen package (DPC)
)
\c@r@tfl@t=\count117
\rotFPtop=\skip56
\rotFPbot=\skip57
\rot@float@box=\box38
\rot@mess@toks=\toks23
)
(./CasillasFrank-Anticip-SuppMaterials.aux)
\openout1 = `CasillasFrank-Anticip-SuppMaterials.aux'.

LaTeX Font Info:    Checking defaults for OML/cmm/m/it on input line 17.
LaTeX Font Info:    ... okay on input line 17.
LaTeX Font Info:    Checking defaults for T1/cmr/m/n on input line 17.
LaTeX Font Info:    ... okay on input line 17.
LaTeX Font Info:    Checking defaults for OT1/cmr/m/n on input line 17.
LaTeX Font Info:    ... okay on input line 17.
LaTeX Font Info:    Checking defaults for OMS/cmsy/m/n on input line 17.
LaTeX Font Info:    ... okay on input line 17.
LaTeX Font Info:    Checking defaults for OMX/cmex/m/n on input line 17.
LaTeX Font Info:    ... okay on input line 17.
LaTeX Font Info:    Checking defaults for U/cmr/m/n on input line 17.
LaTeX Font Info:    ... okay on input line 17.
LaTeX Font Info:    Checking defaults for T3/cmr/m/n on input line 17.
LaTeX Font Info:    Try loading font information for T3+cmr on input line 17.

(/usr/local/texlive/2015/texmf-dist/tex/latex/tipa/t3cmr.fd
File: t3cmr.fd 2001/12/31 TIPA font definitions
)
LaTeX Font Info:    ... okay on input line 17.

(/usr/local/texlive/2015/texmf-dist/tex/context/base/supp-pdf.mkii
[Loading MPS to PDF converter (version 2006.09.02).]
\scratchcounter=\count118
\scratchdimen=\dimen126
\scratchbox=\box39
\nofMPsegments=\count119
\nofMParguments=\count120
\everyMPshowfont=\toks24
\MPscratchCnt=\count121
\MPscratchDim=\dimen127
\MPnumerator=\count122
\makeMPintoPDFobject=\count123
\everyMPtoPDFconversion=\toks25
) (/usr/local/texlive/2015/texmf-dist/tex/generic/oberdiek/pdftexcmds.sty
Package: pdftexcmds 2011/11/29 v0.20 Utility functions of pdfTeX for LuaTeX (HO
)

(/usr/local/texlive/2015/texmf-dist/tex/generic/oberdiek/ifluatex.sty
Package: ifluatex 2010/03/01 v1.3 Provides the ifluatex switch (HO)
Package ifluatex Info: LuaTeX not detected.
)
(/usr/local/texlive/2015/texmf-dist/tex/generic/oberdiek/ifpdf.sty
Package: ifpdf 2011/01/30 v2.3 Provides the ifpdf switch (HO)
Package ifpdf Info: pdfTeX in PDF mode is detected.
)
Package pdftexcmds Info: LuaTeX not detected.
Package pdftexcmds Info: \pdf@primitive is available.
Package pdftexcmds Info: \pdf@ifprimitive is available.
Package pdftexcmds Info: \pdfdraftmode found.
)
(/usr/local/texlive/2015/texmf-dist/tex/latex/oberdiek/epstopdf-base.sty
Package: epstopdf-base 2010/02/09 v2.5 Base part for package epstopdf

(/usr/local/texlive/2015/texmf-dist/tex/latex/oberdiek/grfext.sty
Package: grfext 2010/08/19 v1.1 Manage graphics extensions (HO)

(/usr/local/texlive/2015/texmf-dist/tex/generic/oberdiek/kvdefinekeys.sty
Package: kvdefinekeys 2011/04/07 v1.3 Define keys (HO)
))
(/usr/local/texlive/2015/texmf-dist/tex/latex/oberdiek/kvoptions.sty
Package: kvoptions 2011/06/30 v3.11 Key value format for package options (HO)

(/usr/local/texlive/2015/texmf-dist/tex/generic/oberdiek/kvsetkeys.sty
Package: kvsetkeys 2012/04/25 v1.16 Key value parser (HO)

(/usr/local/texlive/2015/texmf-dist/tex/generic/oberdiek/etexcmds.sty
Package: etexcmds 2011/02/16 v1.5 Avoid name clashes with e-TeX commands (HO)
Package etexcmds Info: Could not find \expanded.
(etexcmds)             That can mean that you are not using pdfTeX 1.50 or
(etexcmds)             that some package has redefined \expanded.
(etexcmds)             In the latter case, load this package earlier.
)))
Package grfext Info: Graphics extension search list:
(grfext)             [.png,.pdf,.jpg,.mps,.jpeg,.jbig2,.jb2,.PNG,.PDF,.JPG,.JPE
G,.JBIG2,.JB2,.eps]
(grfext)             \AppendGraphicsExtensions on input line 452.

(/usr/local/texlive/2015/texmf-dist/tex/latex/latexconfig/epstopdf-sys.cfg
File: epstopdf-sys.cfg 2010/07/13 v1.3 Configuration of (r)epstopdf for TeX Liv
e
))
Package caption Info: Begin \AtBeginDocument code.
Package caption Info: subfig package v1.3 is loaded.
Package caption Info: float package is loaded.
Package caption Info: longtable package is loaded.

(/usr/local/texlive/2015/texmf-dist/tex/latex/caption/ltcaption.sty
Package: ltcaption 2013/02/03 v1.3-62 longtable captions (AR)
)
Package caption Info: rotating package is loaded.
Package caption Info: End \AtBeginDocument code.
LaTeX Font Info:    Try loading font information for U+msa on input line 26.

(/usr/local/texlive/2015/texmf-dist/tex/latex/amsfonts/umsa.fd
File: umsa.fd 2013/01/14 v3.01 AMS symbols A
)
LaTeX Font Info:    Try loading font information for U+msb on input line 26.

(/usr/local/texlive/2015/texmf-dist/tex/latex/amsfonts/umsb.fd
File: umsb.fd 2013/01/14 v3.01 AMS symbols B
) [1

{/usr/local/texlive/2015/texmf-var/fonts/map/pdftex/updmap/pdftex.map}]
<figures/E1-chi-randrun-z-vals-absolute.png, id=10, 1304.875pt x 1304.875pt>
File: figures/E1-chi-randrun-z-vals-absolute.png Graphic file (type png)

<use figures/E1-chi-randrun-z-vals-absolute.png>
Package pdftex.def Info: figures/E1-chi-randrun-z-vals-absolute.png used on inp
ut line 51.
(pdftex.def)             Requested size: 241.34134pt x 241.33836pt.

<figures/E1-adu-randrun-z-vals-absolute.png, id=12, 1304.875pt x 1304.875pt>
File: figures/E1-adu-randrun-z-vals-absolute.png Graphic file (type png)

<use figures/E1-adu-randrun-z-vals-absolute.png>
Package pdftex.def Info: figures/E1-adu-randrun-z-vals-absolute.png used on inp
ut line 53.
(pdftex.def)             Requested size: 241.34134pt x 241.33836pt.

<figures/E1-chi-randrun-betas-absolute.png, id=13, 1304.875pt x 1304.875pt>
File: figures/E1-chi-randrun-betas-absolute.png Graphic file (type png)

<use figures/E1-chi-randrun-betas-absolute.png>
Package pdftex.def Info: figures/E1-chi-randrun-betas-absolute.png used on inpu
t line 61.
(pdftex.def)             Requested size: 241.34134pt x 241.33836pt.

<figures/E1-adu-randrun-betas-absolute.png, id=14, 1304.875pt x 1304.875pt>
File: figures/E1-adu-randrun-betas-absolute.png Graphic file (type png)

<use figures/E1-adu-randrun-betas-absolute.png>
Package pdftex.def Info: figures/E1-adu-randrun-betas-absolute.png used on inpu
t line 63.
(pdftex.def)             Requested size: 241.34134pt x 241.33836pt.

<figures/E1-chi-randrun-SEs-absolute.png, id=15, 803.0pt x 803.0pt>
File: figures/E1-chi-randrun-SEs-absolute.png Graphic file (type png)

<use figures/E1-chi-randrun-SEs-absolute.png>
Package pdftex.def Info: figures/E1-chi-randrun-SEs-absolute.png used on input 
line 71.
(pdftex.def)             Requested size: 241.34134pt x 241.34296pt.

<figures/E1-adu-randrun-SEs-absolute.png, id=16, 803.0pt x 803.0pt>
File: figures/E1-adu-randrun-SEs-absolute.png Graphic file (type png)

<use figures/E1-adu-randrun-SEs-absolute.png>
Package pdftex.def Info: figures/E1-adu-randrun-SEs-absolute.png used on input 
line 73.
(pdftex.def)             Requested size: 241.34134pt x 241.34296pt.

<figures/E2-chi-randrun-z-vals-absolute.png, id=17, 1304.875pt x 2007.5pt>
File: figures/E2-chi-randrun-z-vals-absolute.png Graphic file (type png)

<use figures/E2-chi-randrun-z-vals-absolute.png>
Package pdftex.def Info: figures/E2-chi-randrun-z-vals-absolute.png used on inp
ut line 81.
(pdftex.def)             Requested size: 241.34134pt x 371.2898pt.

<figures/E2-adu-randrun-z-vals-absolute.png, id=18, 1304.875pt x 1304.875pt>
File: figures/E2-adu-randrun-z-vals-absolute.png Graphic file (type png)

<use figures/E2-adu-randrun-z-vals-absolute.png>
Package pdftex.def Info: figures/E2-adu-randrun-z-vals-absolute.png used on inp
ut line 83.
(pdftex.def)             Requested size: 241.34134pt x 241.33836pt.

<figures/E2-chi-randrun-betas-absolute.png, id=19, 1304.875pt x 2007.5pt>
File: figures/E2-chi-randrun-betas-absolute.png Graphic file (type png)

<use figures/E2-chi-randrun-betas-absolute.png>
Package pdftex.def Info: figures/E2-chi-randrun-betas-absolute.png used on inpu
t line 91.
(pdftex.def)             Requested size: 241.34134pt x 371.2898pt.

<figures/E2-adu-randrun-betas-absolute.png, id=20, 1304.875pt x 1304.875pt>
File: figures/E2-adu-randrun-betas-absolute.png Graphic file (type png)

<use figures/E2-adu-randrun-betas-absolute.png>
Package pdftex.def Info: figures/E2-adu-randrun-betas-absolute.png used on inpu
t line 93.
(pdftex.def)             Requested size: 241.34134pt x 241.33836pt.

<figures/E2-chi-randrun-SEs-absolute.png, id=21, 521.95pt x 803.0pt>
File: figures/E2-chi-randrun-SEs-absolute.png Graphic file (type png)

<use figures/E2-chi-randrun-SEs-absolute.png>
Package pdftex.def Info: figures/E2-chi-randrun-SEs-absolute.png used on input 
line 101.
(pdftex.def)             Requested size: 241.34134pt x 371.29591pt.

<figures/E2-adu-randrun-SEs-absolute.png, id=22, 803.0pt x 803.0pt>
File: figures/E2-adu-randrun-SEs-absolute.png Graphic file (type png)

<use figures/E2-adu-randrun-SEs-absolute.png>
Package pdftex.def Info: figures/E2-adu-randrun-SEs-absolute.png used on input 
line 103.
(pdftex.def)             Requested size: 241.34134pt x 241.34296pt.
 [2] [3 <./figures/E1-chi-randrun-z-vals-absolute.png> <./figures/E1-adu-randru
n-z-vals-absolute.png>] [4 <./figures/E1-chi-randrun-betas-absolute.png> <./fig
ures/E1-adu-randrun-betas-absolute.png>] [5 <./figures/E1-chi-randrun-SEs-absol
ute.png> <./figures/E1-adu-randrun-SEs-absolute.png>] [6 <./figures/E2-chi-rand
run-z-vals-absolute.png> <./figures/E2-adu-randrun-z-vals-absolute.png>] [7 <./
figures/E2-chi-randrun-betas-absolute.png> <./figures/E2-adu-randrun-betas-abso
lute.png>] [8 <./figures/E2-chi-randrun-SEs-absolute.png> <./figures/E2-adu-ran
drun-SEs-absolute.png>] [9

]
[10]
<figures/E1-child-randvsreal-ttest-agebylg.png, id=67, 803.0pt x 370.38374pt>
File: figures/E1-child-randvsreal-ttest-agebylg.png Graphic file (type png)

<use figures/E1-child-randvsreal-ttest-agebylg.png>
Package pdftex.def Info: figures/E1-child-randvsreal-ttest-agebylg.png used on 
input line 228.
(pdftex.def)             Requested size: 521.07332pt x 240.36226pt.

<figures/E2-child-randvsreal-ttest-muffledages.png, id=68, 803.0pt x 283.0575pt
>
File: figures/E2-child-randvsreal-ttest-muffledages.png Graphic file (type png)

 <use figures/E2-child-randvsreal-ttest-muffledages.png>
Package pdftex.def Info: figures/E2-child-randvsreal-ttest-muffledages.png used
 on input line 237.
(pdftex.def)             Requested size: 521.07332pt x 183.69148pt.

<figures/E2-child-randvsreal-ttest-normaltypesages.png, id=69, 803.0pt x 240.9p
t>
File: figures/E2-child-randvsreal-ttest-normaltypesages.png Graphic file (type 
png)
 <use figures/E2-child-randvsreal-ttest-normaltypesages.png>
Package pdftex.def Info: figures/E2-child-randvsreal-ttest-normaltypesages.png 
used on input line 246.
(pdftex.def)             Requested size: 521.07332pt x 156.33318pt.
 [11] [12 <./figures/E1-child-randvsreal-ttest-agebylg.png>] [13 <./figures/E2-
child-randvsreal-ttest-muffledages.png>] [14 <./figures/E2-child-randvsreal-tte
st-normaltypesages.png>] <figures/boredom-hypothesis.png, id=83, 1505.625pt x 6
02.25pt>
File: figures/boredom-hypothesis.png Graphic file (type png)

<use figures/boredom-hypothesis.png>
Package pdftex.def Info: figures/boredom-hypothesis.png used on input line 262.

(pdftex.def)             Requested size: 370.49881pt x 148.2004pt.
 [15

 <./figures/boredom-hypothesis.png>]
Overfull \hbox (6.32367pt too wide) in paragraph at lines 272--273
[]\OT1/cmr/m/n/12 Are the looks away in Fig-ure C.1[] still too early to count 
as ``turn-transition''
 []

[16] [17

] <figures/all-puppetdyads-bars.png, id=94, 903.375pt x 702.625pt>
File: figures/all-puppetdyads-bars.png Graphic file (type png)

<use figures/all-puppetdyads-bars.png>
Package pdftex.def Info: figures/all-puppetdyads-bars.png used on input line 30
6.
(pdftex.def)             Requested size: 370.49881pt x 288.1746pt.
 [18 <./figures/all-puppetdyads-bars.png>]
Overfull \hbox (32.90134pt too wide) in paragraph at lines 317--343
 [] 
 []

[19

] (./CasillasFrank-Anticip-SuppMaterials.bbl) [20]
(./CasillasFrank-Anticip-SuppMaterials.aux) ) 
Here is how much of TeX's memory you used:
 5345 strings out of 493089
 77955 string characters out of 6134842
 139979 words of memory out of 5000000
 8715 multiletter control sequences out of 15000+600000
 14318 words of font info for 53 fonts, out of 8000000 for 9000
 1141 hyphenation exceptions out of 8191
 44i,12n,47p,1256b,448s stack positions out of 5000i,500n,10000p,200000b,80000s
</usr/local/texlive/2015/texmf-dis
t/fonts/type1/public/amsfonts/cm/cmbx12.pfb></usr/local/texlive/2015/texmf-dist
/fonts/type1/public/amsfonts/cm/cmbxti10.pfb></usr/local/texlive/2015/texmf-dis
t/fonts/type1/public/amsfonts/cm/cmmi10.pfb></usr/local/texlive/2015/texmf-dist
/fonts/type1/public/amsfonts/cm/cmmi12.pfb></usr/local/texlive/2015/texmf-dist/
fonts/type1/public/amsfonts/cm/cmmi6.pfb></usr/local/texlive/2015/texmf-dist/fo
nts/type1/public/amsfonts/cm/cmr10.pfb></usr/local/texlive/2015/texmf-dist/font
s/type1/public/amsfonts/cm/cmr12.pfb></usr/local/texlive/2015/texmf-dist/fonts/
type1/public/amsfonts/cm/cmr8.pfb></usr/local/texlive/2015/texmf-dist/fonts/typ
e1/public/amsfonts/cm/cmsy10.pfb></usr/local/texlive/2015/texmf-dist/fonts/type
1/public/amsfonts/cm/cmti10.pfb></usr/local/texlive/2015/texmf-dist/fonts/type1
/public/amsfonts/cm/cmti12.pfb></usr/local/texlive/2015/texmf-dist/fonts/type1/
public/amsfonts/cm/cmti8.pfb>
Output written on CasillasFrank-Anticip-SuppMaterials.pdf (20 pages, 3281495 by
tes).
PDF statistics:
 145 PDF objects out of 1000 (max. 8388607)
 83 compressed objects within 1 object stream
 0 named destinations out of 1000 (max. 500000)
 86 words of extra memory for PDF output out of 10000 (max. 10000000)

