This is LuaTeX, Version beta-0.80.0 (TeX Live 2015) (rev 5238)  (format=lualatex 2015.5.24)  23 JUN 2016 21:21
 restricted \write18 enabled.
 file:line:error style messages enabled.
**ResponseLetter-Jun2016.tex
(./ResponseLetter-Jun2016.tex
LaTeX2e <2015/01/01>
Babel <3.9l> and hyphenation patterns for 79 languages loaded.
(/usr/local/texlive/2015/texmf-dist/tex/latex/base/letter.cls
Document Class: letter 2014/09/29 v1.2z Standard LaTeX document class
(/usr/local/texlive/2015/texmf-dist/tex/latex/base/size11.clo
File: size11.clo 2014/09/29 v1.4h Standard LaTeX file (size option)
)
\longindentation=\dimen102
\indentedwidth=\dimen103
\labelcount=\count79
)
(/usr/local/texlive/2015/texmf-dist/tex/latex/graphics/graphicx.sty
Package: graphicx 2014/10/28 v1.0g Enhanced LaTeX Graphics (DPC,SPQR)

(/usr/local/texlive/2015/texmf-dist/tex/latex/graphics/keyval.sty
Package: keyval 2014/10/28 v1.15 key=value parser (DPC)
\KV@toks@=\toks14
)
(/usr/local/texlive/2015/texmf-dist/tex/latex/graphics/graphics.sty
Package: graphics 2014/10/28 v1.0p Standard LaTeX Graphics (DPC,SPQR)

(/usr/local/texlive/2015/texmf-dist/tex/latex/graphics/trig.sty
Package: trig 1999/03/16 v1.09 sin cos tan (DPC)
)
(/usr/local/texlive/2015/texmf-dist/tex/latex/latexconfig/graphics.cfg
File: graphics.cfg 2010/04/23 v1.9 graphics configuration of TeX Live
)
Package graphics Info: Driver file: pdftex.def on input line 94.

(/usr/local/texlive/2015/texmf-dist/tex/latex/pdftex-def/pdftex.def
File: pdftex.def 2011/05/27 v0.06d Graphics/color for pdfTeX

(/usr/local/texlive/2015/texmf-dist/tex/generic/oberdiek/infwarerr.sty
Package: infwarerr 2010/04/08 v1.3 Providing info/warning/error messages (HO)
)
(/usr/local/texlive/2015/texmf-dist/tex/generic/oberdiek/ltxcmds.sty
Package: ltxcmds 2011/11/09 v1.22 LaTeX kernel commands for general use (HO)
)
\Gread@gobject=\count80
))
\Gin@req@height=\dimen104
\Gin@req@width=\dimen105
)
(/usr/local/texlive/2015/texmf-dist/tex/latex/microtype/microtype.sty
Package: microtype 2013/05/23 v2.5a Micro-typographical refinements (RS)
\MT@toks=\toks15
\MT@count=\count81
LaTeX Info: Redefining \textls on input line 766.
\MT@outer@kern=\dimen106
LaTeX Info: Redefining \textmicrotypecontext on input line 1285.
\MT@listname@count=\count82

(/usr/local/texlive/2015/texmf-dist/tex/latex/microtype/microtype-luatex.def
File: microtype-luatex.def 2013/05/23 v2.5a Definitions specific to luatex (RS)

(/usr/local/texlive/2015/texmf-dist/tex/luatex/luatexbase/luatexbase.sty
Package: luatexbase 2013/05/11 v0.6 Resource management for the LuaTeX macro pro
grammer

(/usr/local/texlive/2015/texmf-dist/tex/generic/oberdiek/ifluatex.sty
Package: ifluatex 2010/03/01 v1.3 Provides the ifluatex switch (HO)
Package ifluatex Info: LuaTeX detected.
)
(/usr/local/texlive/2015/texmf-dist/tex/generic/oberdiek/luatex.sty
Package: luatex 2010/03/09 v0.4 LuaTeX basic definition package (HO)

(/usr/local/texlive/2015/texmf-dist/tex/latex/etex-pkg/etex.sty
Package: etex 2015/03/02 v2.1 eTeX basic definition package (PEB,DPC)
\et@xins=\count83
)
\LuT@AllocAttribute=\count277
\LuT@AllocCatcodeTable=\count278
\CatcodeTableStack=\count279
\CatcodeTableIniTeX=\catcodetable1
\CatcodeTableString=\catcodetable3
\CatcodeTableOther=\catcodetable5
\CatcodeTableLaTeX=\catcodetable7

(/usr/local/texlive/2015/texmf-dist/tex/generic/oberdiek/luatex-loader.sty
Package: luatex-loader 2010/03/09 v0.4 Lua module loader (HO)

(/usr/local/texlive/2015/texmf-dist/scripts/oberdiek/oberdiek.luatex.lua)))
(/usr/local/texlive/2015/texmf-dist/tex/luatex/luatexbase/luatexbase-compat.sty
Package: luatexbase-compat 2011/05/24 v0.4 Compatibility tools for LuaTeX
)
(/usr/local/texlive/2015/texmf-dist/tex/luatex/luatexbase/luatexbase-modutils.s
ty
Package: luatexbase-modutils 2013/05/11 v0.6 Module utilities for LuaTeX

(/usr/local/texlive/2015/texmf-dist/tex/luatex/luatexbase/luatexbase-loader.sty
Package: luatexbase-loader 2013/05/11 v0.6 Lua module loader for LuaTeX
(/usr/local/texlive/2015/texmf-dist/tex/luatex/luatexbase/luatexbase.loader.lua)
)
(/usr/local/texlive/2015/texmf-dist/tex/luatex/luatexbase/modutils.lua)
Lua module: luatexbase-modutils 2013/05/11 0.6 Module utilities for LuaTeX
)
(/usr/local/texlive/2015/texmf-dist/tex/luatex/luatexbase/luatexbase-regs.sty
Package: luatexbase-regs 2011/05/24 v0.4 Registers allocation for LuaTeX
)
(/usr/local/texlive/2015/texmf-dist/tex/luatex/luatexbase/luatexbase-attr.sty
Package: luatexbase-attr 2013/05/11 v0.6 Attributes allocation for LuaTeX

(/usr/local/texlive/2015/texmf-dist/tex/luatex/luatexbase/attr.lua)
Lua module: luatexbase-attr 2013/05/11 0.6 Attributes allocation for LuaTeX
\lltxb@attr@unsetvalue=\count280
)
(/usr/local/texlive/2015/texmf-dist/tex/luatex/luatexbase/luatexbase-cctb.sty
Package: luatexbase-cctb 2013/05/11 v0.6 Catcodetable allocation for LuaTeX

(/usr/local/texlive/2015/texmf-dist/tex/luatex/luatexbase/cctb.lua)
Lua module: luatexbase-cctb 2013/05/11 0.6 Catcodetable allocation for LuaTeX
\lltxb@catcodetable@alloc=\count281
\CatcodeTableStack=\count282
\CatcodeTableIniTeX=\luatexcatcodetable1
\CatcodeTableString=\luatexcatcodetable3
\CatcodeTableOther=\luatexcatcodetable5
\CatcodeTableLaTeX=\luatexcatcodetable7
\CatcodeTableLaTeXAtLetter=\luatexcatcodetable9
\CatcodeTableExpl=\luatexcatcodetable11
)
(/usr/local/texlive/2015/texmf-dist/tex/luatex/luatexbase/luatexbase-mcb.sty
Package: luatexbase-mcb 2013/05/11 v0.6 Callback management for LuaTeX

(/usr/local/texlive/2015/texmf-dist/tex/luatex/luatexbase/mcb.lua)
Lua module: luatexbase-mcb 2013/05/11 0.6 register several functions in a callba
ck
))
(/usr/local/texlive/2015/texmf-dist/tex/latex/microtype/microtype.lua)
Lua module: microtype 2013/05/15 2.5 microtype module.
LaTeX Info: Redefining \lsstyle on input line 644.
LaTeX Info: Redefining \lslig on input line 644.
\MT@outer@space=\skip256
)
Package microtype Info: Loading configuration file microtype.cfg.

(/usr/local/texlive/2015/texmf-dist/tex/latex/microtype/microtype.cfg
File: microtype.cfg 2013/05/23 v2.5a microtype main configuration file (RS)
))
(/usr/local/texlive/2015/texmf-dist/tex/latex/base/fontenc.sty
Package: fontenc 2005/09/27 v1.99g Standard LaTeX package

(/usr/local/texlive/2015/texmf-dist/tex/latex/base/t1enc.def
File: t1enc.def 2005/09/27 v1.99g Standard LaTeX file
LaTeX Font Info:    Redeclaring font encoding T1 on input line 48.
))
(./ResponseLetter-Jun2016.aux)
\openout1 = ResponseLetter-Jun2016.aux

LaTeX Font Info:    Checking defaults for OML/cmm/m/it on input line 122.
LaTeX Font Info:    ... okay on input line 122.
LaTeX Font Info:    Checking defaults for T1/cmr/m/n on input line 122.
LaTeX Font Info:    ... okay on input line 122.
LaTeX Font Info:    Checking defaults for OT1/cmr/m/n on input line 122.
LaTeX Font Info:    ... okay on input line 122.
LaTeX Font Info:    Checking defaults for OMS/cmsy/m/n on input line 122.
LaTeX Font Info:    ... okay on input line 122.
LaTeX Font Info:    Checking defaults for OMX/cmex/m/n on input line 122.
LaTeX Font Info:    ... okay on input line 122.
LaTeX Font Info:    Checking defaults for U/cmr/m/n on input line 122.
LaTeX Font Info:    ... okay on input line 122.

(/usr/local/texlive/2015/texmf-dist/tex/context/base/supp-pdf.mkii
[Loading MPS to PDF converter (version 2006.09.02).]
\scratchcounter=\count283
\scratchdimen=\dimen256
\scratchbox=\box256
\nofMPsegments=\count284
\nofMParguments=\count285
\everyMPshowfont=\toks16
\MPscratchCnt=\count286
\MPscratchDim=\dimen257
\MPnumerator=\count287
\makeMPintoPDFobject=\count288
\everyMPtoPDFconversion=\toks17
) (/usr/local/texlive/2015/texmf-dist/tex/generic/oberdiek/pdftexcmds.sty
Package: pdftexcmds 2011/11/29 v0.20 Utility functions of pdfTeX for LuaTeX (HO)


(/usr/local/texlive/2015/texmf-dist/tex/generic/oberdiek/ifpdf.sty
Package: ifpdf 2011/01/30 v2.3 Provides the ifpdf switch (HO)
Package ifpdf Info: pdfTeX in PDF mode is detected.
)
Package pdftexcmds Info: \pdf@primitive is available.
Package pdftexcmds Info: \pdf@ifprimitive is available.
Package pdftexcmds Info: \pdfdraftmode found.

(/usr/local/texlive/2015/texmf-dist/scripts/oberdiek/pdftexcmds.lua)
\pdftexcmds@toks=\toks18
)
(/usr/local/texlive/2015/texmf-dist/tex/latex/oberdiek/epstopdf-base.sty
Package: epstopdf-base 2010/02/09 v2.5 Base part for package epstopdf

(/usr/local/texlive/2015/texmf-dist/tex/latex/oberdiek/grfext.sty
Package: grfext 2010/08/19 v1.1 Manage graphics extensions (HO)

(/usr/local/texlive/2015/texmf-dist/tex/generic/oberdiek/kvdefinekeys.sty
Package: kvdefinekeys 2011/04/07 v1.3 Define keys (HO)
))
(/usr/local/texlive/2015/texmf-dist/tex/latex/oberdiek/kvoptions.sty
Package: kvoptions 2011/06/30 v3.11 Key value format for package options (HO)

(/usr/local/texlive/2015/texmf-dist/tex/generic/oberdiek/kvsetkeys.sty
Package: kvsetkeys 2012/04/25 v1.16 Key value parser (HO)

(/usr/local/texlive/2015/texmf-dist/tex/generic/oberdiek/etexcmds.sty
Package: etexcmds 2011/02/16 v1.5 Avoid name clashes with e-TeX commands (HO)
)))
Package grfext Info: Graphics extension search list:
(grfext)             [.png,.pdf,.jpg,.mps,.tif,.jpeg,.PNG,.PDF,.JPG,.JPEG,.eps]
(grfext)             \AppendGraphicsExtensions on input line 452.

(/usr/local/texlive/2015/texmf-dist/tex/latex/latexconfig/epstopdf-sys.cfg
File: epstopdf-sys.cfg 2010/07/13 v1.3 Configuration of (r)epstopdf for TeX Live

))
LaTeX Info: Redefining \microtypecontext on input line 122.
Package microtype Info: Generating PDF output.
Package microtype Info: Character protrusion enabled (level 2).
Package microtype Info: Using default protrusion set `alltext'.
Package microtype Info: Automatic font expansion enabled (level 2),
(microtype)             stretch: 20, shrink: 20, step: 1, non-selected.
Package microtype Info: Using default expansion set `basictext'.
Package microtype Info: No adjustment of tracking.
Package microtype Info: No adjustment of spacing.
Package microtype Info: No adjustment of kerning.

(/usr/local/texlive/2015/texmf-dist/tex/latex/microtype/mt-cmr.cfg
File: mt-cmr.cfg 2013/05/19 v2.2 microtype config. file: Computer Modern Roman (
RS)
)
<logo.jpg, id=1, 230.8625pt x 214.8025pt>
File: logo.jpg Graphic file (type jpg)
 <use logo.jpg>
Package pdftex.def Info: logo.jpg used on input line 140.
(pdftex.def)             Requested size: 72.26999pt x 67.24033pt.

Underfull \hbox (badness 10000) in paragraph at lines 140--140

 []


Underfull \hbox (badness 10000) in paragraph at lines 140--140

 []

LaTeX Font Info:    External font `cmex10' loaded for size
(Font)              <10.95> on input line 152.
LaTeX Font Info:    External font `cmex10' loaded for size
(Font)              <8> on input line 152.
LaTeX Font Info:    External font `cmex10' loaded for size
(Font)              <6> on input line 152.
[1

{/usr/local/texlive/2015/texmf-var/fonts/map/pdftex/updmap/pdftex.map}<./logo.jp
g>] [2] [3] [4] [5] [6] (./ResponseLetter-Jun2016.aux))

Here is how much of LuaTeX's memory you used:
 3423 strings out of 494693
 100000,154059 words of node,token memory allocated
 322 words of node memory still in use:
   2 hlist, 1 vlist, 1 rule, 2 glue, 4 glyph, 36 glue_spec, 1 write nodes
   avail lists: 1:1,2:22,3:104,4:986,5:311,6:4729,7:328,9:89,10:400
 6955 multiletter control sequences out of 65536+600000
 32 fonts using 1269363 bytes
 41i,10n,35p,2120b,195s stack positions out of 5000i,500n,10000p,200000b,100000s
{/usr/local/texlive/2015/texmf-dist/fonts/enc/dvips/cm-super/cm-super-t1.enc}<</
usr/local/texlive/2015/texmf-dist/fonts/type1/public/cm-super/sfbx1095.pfb><</us
r/local/texlive/2015/texmf-dist/fonts/type1/public/cm-super/sfrm0800.pfb><</usr/
local/texlive/2015/texmf-dist/fonts/type1/public/cm-super/sfrm0900.pfb><</usr/lo
cal/texlive/2015/texmf-dist/fonts/type1/public/cm-super/sfrm1095.pfb><</usr/loca
l/texlive/2015/texmf-dist/fonts/type1/public/cm-super/sfrm1440.pfb><</usr/local/
texlive/2015/texmf-dist/fonts/type1/public/cm-super/sfti1095.pfb>
Output written on ResponseLetter-Jun2016.pdf (6 pages, 160132 bytes).

PDF statistics: 49 PDF objects out of 1000 (max. 8388607)
 33 compressed objects within 1 object stream
 0 named destinations out of 1000 (max. 131072)
 1 words of extra memory for PDF output out of 10000 (max. 10000000)

